2020-12-16 08:45:57,758 INFO [Test worker] o.s.b.t.c.SpringBootTestContextBootstrapper [AbstractTestContextBootstrapper.java:308] Neither @ContextConfiguration nor @ContextHierarchy found for test class [org.dell.kube.pagesapi.HomeApiTest], using SpringBootContextLoader
2020-12-16 08:45:57,768 INFO [Test worker] o.s.t.c.s.AbstractContextLoader [AbstractContextLoader.java:264] Could not detect default resource locations for test class [org.dell.kube.pagesapi.HomeApiTest]: no resource found for suffixes {-context.xml, Context.groovy}.
2020-12-16 08:45:57,934 INFO [Test worker] o.s.b.t.c.SpringBootTestContextBootstrapper [AbstractTestContextBootstrapper.java:248] Loaded default TestExecutionListener class names from location [META-INF/spring.factories]: [org.springframework.boot.test.autoconfigure.restdocs.RestDocsTestExecutionListener, org.springframework.boot.test.autoconfigure.web.client.MockRestServiceServerResetTestExecutionListener, org.springframework.boot.test.autoconfigure.web.servlet.MockMvcPrintOnlyOnFailureTestExecutionListener, org.springframework.boot.test.autoconfigure.web.servlet.WebDriverTestExecutionListener, org.springframework.boot.test.autoconfigure.webservices.client.MockWebServiceServerTestExecutionListener, org.springframework.boot.test.mock.mockito.MockitoTestExecutionListener, org.springframework.boot.test.mock.mockito.ResetMocksTestExecutionListener, org.springframework.test.context.web.ServletTestExecutionListener, org.springframework.test.context.support.DirtiesContextBeforeModesTestExecutionListener, org.springframework.test.context.support.DependencyInjectionTestExecutionListener, org.springframework.test.context.support.DirtiesContextTestExecutionListener, org.springframework.test.context.transaction.TransactionalTestExecutionListener, org.springframework.test.context.jdbc.SqlScriptsTestExecutionListener, org.springframework.test.context.event.EventPublishingTestExecutionListener]
2020-12-16 08:45:57,949 INFO [Test worker] o.s.b.t.c.SpringBootTestContextBootstrapper [AbstractTestContextBootstrapper.java:177] Using TestExecutionListeners: [org.springframework.test.context.web.ServletTestExecutionListener@262b98f3, org.springframework.test.context.support.DirtiesContextBeforeModesTestExecutionListener@6da947a3, org.springframework.boot.test.mock.mockito.MockitoTestExecutionListener@28d200ae, org.springframework.boot.test.autoconfigure.SpringBootDependencyInjectionTestExecutionListener@304f7afd, org.springframework.test.context.support.DirtiesContextTestExecutionListener@4ad99007, org.springframework.test.context.transaction.TransactionalTestExecutionListener@6dea52a0, org.springframework.test.context.jdbc.SqlScriptsTestExecutionListener@5505e8c3, org.springframework.test.context.event.EventPublishingTestExecutionListener@1ed6f80c, org.springframework.boot.test.autoconfigure.restdocs.RestDocsTestExecutionListener@18091a79, org.springframework.boot.test.autoconfigure.web.client.MockRestServiceServerResetTestExecutionListener@27c9348a, org.springframework.boot.test.autoconfigure.web.servlet.MockMvcPrintOnlyOnFailureTestExecutionListener@5d709340, org.springframework.boot.test.autoconfigure.web.servlet.WebDriverTestExecutionListener@744f167a, org.springframework.boot.test.autoconfigure.webservices.client.MockWebServiceServerTestExecutionListener@24c51058, org.springframework.boot.test.mock.mockito.ResetMocksTestExecutionListener@4a461d2e]
2020-12-16 08:45:58,357 INFO [Test worker] o.d.k.p.HomeApiTest [StartupInfoLogger.java:55] Starting HomeApiTest on lin01 with PID 18255 (started by student in /home/student/workspace/pages)
2020-12-16 08:45:58,359 INFO [Test worker] o.d.k.p.HomeApiTest [SpringApplication.java:651] No active profile set, falling back to default profiles: default
2020-12-16 08:46:00,350 INFO [Test worker] o.s.b.w.e.t.TomcatWebServer [TomcatWebServer.java:108] Tomcat initialized with port(s): 0 (http)
2020-12-16 08:46:00,364 INFO [Test worker] o.a.c.h.Http11NioProtocol [DirectJDKLog.java:173] Initializing ProtocolHandler ["http-nio-auto-1"]
2020-12-16 08:46:00,365 INFO [Test worker] o.a.c.c.StandardService [DirectJDKLog.java:173] Starting service [Tomcat]
2020-12-16 08:46:00,365 INFO [Test worker] o.a.c.c.StandardEngine [DirectJDKLog.java:173] Starting Servlet engine: [Apache Tomcat/9.0.36]
2020-12-16 08:46:00,464 INFO [Test worker] o.a.c.c.C.[.[.[/] [DirectJDKLog.java:173] Initializing Spring embedded WebApplicationContext
2020-12-16 08:46:00,465 INFO [Test worker] o.s.b.w.s.c.ServletWebServerApplicationContext [ServletWebServerApplicationContext.java:285] Root WebApplicationContext: initialization completed in 2084 ms
2020-12-16 08:46:01,109 INFO [Test worker] o.s.s.c.ThreadPoolTaskExecutor [ExecutorConfigurationSupport.java:181] Initializing ExecutorService 'applicationTaskExecutor'
2020-12-16 08:46:01,684 INFO [Test worker] o.s.b.a.e.w.EndpointLinksResolver [EndpointLinksResolver.java:58] Exposing 2 endpoint(s) beneath base path '/actuator'
2020-12-16 08:46:01,750 INFO [Test worker] o.a.c.h.Http11NioProtocol [DirectJDKLog.java:173] Starting ProtocolHandler ["http-nio-auto-1"]
2020-12-16 08:46:01,790 INFO [Test worker] o.s.b.w.e.t.TomcatWebServer [TomcatWebServer.java:220] Tomcat started on port(s): 38201 (http) with context path ''
2020-12-16 08:46:01,813 INFO [Test worker] o.d.k.p.HomeApiTest [StartupInfoLogger.java:61] Started HomeApiTest in 3.825 seconds (JVM running for 5.239)
2020-12-16 08:46:02,314 INFO [http-nio-auto-1-exec-1] o.a.c.c.C.[.[.[/] [DirectJDKLog.java:173] Initializing Spring DispatcherServlet 'dispatcherServlet'
2020-12-16 08:46:02,320 INFO [http-nio-auto-1-exec-1] o.s.w.s.DispatcherServlet [FrameworkServlet.java:525] Initializing Servlet 'dispatcherServlet'
2020-12-16 08:46:02,338 INFO [http-nio-auto-1-exec-1] o.s.w.s.DispatcherServlet [FrameworkServlet.java:547] Completed initialization in 17 ms
2020-12-16 08:46:02,519 INFO [http-nio-auto-1-exec-2] c.z.h.HikariDataSource [HikariDataSource.java:110] HikariPool-1 - Starting...
2020-12-16 08:46:02,699 INFO [http-nio-auto-1-exec-2] c.z.h.HikariDataSource [HikariDataSource.java:123] HikariPool-1 - Start completed.
2020-12-16 08:46:02,793 INFO [Test worker] o.s.b.t.c.SpringBootTestContextBootstrapper [AbstractTestContextBootstrapper.java:308] Neither @ContextConfiguration nor @ContextHierarchy found for test class [org.dell.kube.pagesapi.PageApiTest], using SpringBootContextLoader
2020-12-16 08:46:02,794 INFO [Test worker] o.s.t.c.s.AbstractContextLoader [AbstractContextLoader.java:264] Could not detect default resource locations for test class [org.dell.kube.pagesapi.PageApiTest]: no resource found for suffixes {-context.xml, Context.groovy}.
2020-12-16 08:46:02,798 INFO [Test worker] o.s.b.t.c.SpringBootTestContextBootstrapper [AbstractTestContextBootstrapper.java:248] Loaded default TestExecutionListener class names from location [META-INF/spring.factories]: [org.springframework.boot.test.autoconfigure.restdocs.RestDocsTestExecutionListener, org.springframework.boot.test.autoconfigure.web.client.MockRestServiceServerResetTestExecutionListener, org.springframework.boot.test.autoconfigure.web.servlet.MockMvcPrintOnlyOnFailureTestExecutionListener, org.springframework.boot.test.autoconfigure.web.servlet.WebDriverTestExecutionListener, org.springframework.boot.test.autoconfigure.webservices.client.MockWebServiceServerTestExecutionListener, org.springframework.boot.test.mock.mockito.MockitoTestExecutionListener, org.springframework.boot.test.mock.mockito.ResetMocksTestExecutionListener, org.springframework.test.context.web.ServletTestExecutionListener, org.springframework.test.context.support.DirtiesContextBeforeModesTestExecutionListener, org.springframework.test.context.support.DependencyInjectionTestExecutionListener, org.springframework.test.context.support.DirtiesContextTestExecutionListener, org.springframework.test.context.transaction.TransactionalTestExecutionListener, org.springframework.test.context.jdbc.SqlScriptsTestExecutionListener, org.springframework.test.context.event.EventPublishingTestExecutionListener]
2020-12-16 08:46:02,799 INFO [Test worker] o.s.b.t.c.SpringBootTestContextBootstrapper [AbstractTestContextBootstrapper.java:177] Using TestExecutionListeners: [org.springframework.test.context.web.ServletTestExecutionListener@72af4f86, org.springframework.test.context.support.DirtiesContextBeforeModesTestExecutionListener@5e560058, org.springframework.boot.test.mock.mockito.MockitoTestExecutionListener@68fa6197, org.springframework.boot.test.autoconfigure.SpringBootDependencyInjectionTestExecutionListener@35183e37, org.springframework.test.context.support.DirtiesContextTestExecutionListener@3dc3946d, org.springframework.test.context.transaction.TransactionalTestExecutionListener@53f9074d, org.springframework.test.context.jdbc.SqlScriptsTestExecutionListener@68b4227c, org.springframework.test.context.event.EventPublishingTestExecutionListener@1ca950db, org.springframework.boot.test.autoconfigure.restdocs.RestDocsTestExecutionListener@3de8cfdf, org.springframework.boot.test.autoconfigure.web.client.MockRestServiceServerResetTestExecutionListener@26b06440, org.springframework.boot.test.autoconfigure.web.servlet.MockMvcPrintOnlyOnFailureTestExecutionListener@6f5e1528, org.springframework.boot.test.autoconfigure.web.servlet.WebDriverTestExecutionListener@3927af90, org.springframework.boot.test.autoconfigure.webservices.client.MockWebServiceServerTestExecutionListener@42ca195c, org.springframework.boot.test.mock.mockito.ResetMocksTestExecutionListener@677df721]
2020-12-16 08:46:02,926 INFO [http-nio-auto-1-exec-3] o.d.k.p.PageController [PageController.java:19] CREATE-INFO:Creating a new page
2020-12-16 08:46:02,985 INFO [http-nio-auto-1-exec-3] o.d.k.p.PageController [PageController.java:22] CREATE-INFO:Created a new page with id = 1
2020-12-16 08:46:02,997 INFO [http-nio-auto-1-exec-4] o.d.k.p.PageController [PageController.java:40] LIST-INFO:Fetching all pages
2020-12-16 08:46:03,094 INFO [http-nio-auto-1-exec-5] o.d.k.p.PageController [PageController.java:19] CREATE-INFO:Creating a new page
2020-12-16 08:46:03,102 INFO [http-nio-auto-1-exec-5] o.d.k.p.PageController [PageController.java:22] CREATE-INFO:Created a new page with id = 1
2020-12-16 08:46:03,118 INFO [http-nio-auto-1-exec-6] o.d.k.p.PageController [PageController.java:28] READ-INFO:Fetching page with id = 1
2020-12-16 08:46:03,170 INFO [http-nio-auto-1-exec-7] o.d.k.p.PageController [PageController.java:19] CREATE-INFO:Creating a new page
2020-12-16 08:46:03,178 INFO [http-nio-auto-1-exec-7] o.d.k.p.PageController [PageController.java:22] CREATE-INFO:Created a new page with id = 1
2020-12-16 08:46:03,228 INFO [http-nio-auto-1-exec-8] o.d.k.p.PageController [PageController.java:19] CREATE-INFO:Creating a new page
2020-12-16 08:46:03,235 INFO [http-nio-auto-1-exec-8] o.d.k.p.PageController [PageController.java:22] CREATE-INFO:Created a new page with id = 1
2020-12-16 08:46:03,242 INFO [http-nio-auto-1-exec-9] o.d.k.p.PageController [PageController.java:62] DELETE-INFO:Deleting the page with id = 1
2020-12-16 08:46:03,250 INFO [http-nio-auto-1-exec-9] o.d.k.p.PageController [PageController.java:65] DELETE-INFO:Deleted the page with id = 1
2020-12-16 08:46:03,255 INFO [http-nio-auto-1-exec-9] o.d.k.p.PageController [PageController.java:28] READ-INFO:Fetching page with id = 1
2020-12-16 08:46:03,261 ERROR [http-nio-auto-1-exec-9] o.d.k.p.PageController [PageController.java:34] READ-ERROR:Could not find page with id = 1
2020-12-16 08:46:03,307 INFO [http-nio-auto-1-exec-10] o.d.k.p.PageController [PageController.java:19] CREATE-INFO:Creating a new page
2020-12-16 08:46:03,317 INFO [http-nio-auto-1-exec-10] o.d.k.p.PageController [PageController.java:22] CREATE-INFO:Created a new page with id = 1
2020-12-16 08:46:03,325 INFO [http-nio-auto-1-exec-1] o.d.k.p.PageController [PageController.java:47] UPDATE-INFO:Updating the page with id = 1
2020-12-16 08:46:03,337 INFO [http-nio-auto-1-exec-1] o.d.k.p.PageController [PageController.java:51] UPDATE-INFO:Updated the page with id = 1
2020-12-16 08:46:03,345 INFO [Test worker] o.s.b.t.c.SpringBootTestContextBootstrapper [AbstractTestContextBootstrapper.java:308] Neither @ContextConfiguration nor @ContextHierarchy found for test class [org.dell.kube.pages.MySqlPageRepositoryTest], using SpringBootContextLoader
2020-12-16 08:46:03,347 INFO [Test worker] o.s.t.c.s.AbstractContextLoader [AbstractContextLoader.java:264] Could not detect default resource locations for test class [org.dell.kube.pages.MySqlPageRepositoryTest]: no resource found for suffixes {-context.xml, Context.groovy}.
2020-12-16 08:46:03,348 INFO [Test worker] o.s.t.c.s.AnnotationConfigContextLoaderUtils [AnnotationConfigContextLoaderUtils.java:83] Could not detect default configuration classes for test class [org.dell.kube.pages.MySqlPageRepositoryTest]: MySqlPageRepositoryTest does not declare any static, non-private, non-final, nested classes annotated with @Configuration.
2020-12-16 08:46:03,361 INFO [Test worker] o.s.b.t.c.SpringBootTestContextBootstrapper [SpringBootTestContextBootstrapper.java:237] Found @SpringBootConfiguration org.dell.kube.pages.PageApplication for test class org.dell.kube.pages.MySqlPageRepositoryTest
2020-12-16 08:46:03,365 INFO [Test worker] o.s.b.t.c.SpringBootTestContextBootstrapper [AbstractTestContextBootstrapper.java:248] Loaded default TestExecutionListener class names from location [META-INF/spring.factories]: [org.springframework.boot.test.autoconfigure.restdocs.RestDocsTestExecutionListener, org.springframework.boot.test.autoconfigure.web.client.MockRestServiceServerResetTestExecutionListener, org.springframework.boot.test.autoconfigure.web.servlet.MockMvcPrintOnlyOnFailureTestExecutionListener, org.springframework.boot.test.autoconfigure.web.servlet.WebDriverTestExecutionListener, org.springframework.boot.test.autoconfigure.webservices.client.MockWebServiceServerTestExecutionListener, org.springframework.boot.test.mock.mockito.MockitoTestExecutionListener, org.springframework.boot.test.mock.mockito.ResetMocksTestExecutionListener, org.springframework.test.context.web.ServletTestExecutionListener, org.springframework.test.context.support.DirtiesContextBeforeModesTestExecutionListener, org.springframework.test.context.support.DependencyInjectionTestExecutionListener, org.springframework.test.context.support.DirtiesContextTestExecutionListener, org.springframework.test.context.transaction.TransactionalTestExecutionListener, org.springframework.test.context.jdbc.SqlScriptsTestExecutionListener, org.springframework.test.context.event.EventPublishingTestExecutionListener]
2020-12-16 08:46:03,366 INFO [Test worker] o.s.b.t.c.SpringBootTestContextBootstrapper [AbstractTestContextBootstrapper.java:177] Using TestExecutionListeners: [org.springframework.test.context.web.ServletTestExecutionListener@3b08649, org.springframework.test.context.support.DirtiesContextBeforeModesTestExecutionListener@1580c75e, org.springframework.boot.test.mock.mockito.MockitoTestExecutionListener@40eed8e0, org.springframework.boot.test.autoconfigure.SpringBootDependencyInjectionTestExecutionListener@7df702d6, org.springframework.test.context.support.DirtiesContextTestExecutionListener@7af251ef, org.springframework.test.context.transaction.TransactionalTestExecutionListener@695bd3d8, org.springframework.test.context.jdbc.SqlScriptsTestExecutionListener@5f442fcb, org.springframework.test.context.event.EventPublishingTestExecutionListener@1ae07747, org.springframework.boot.test.autoconfigure.restdocs.RestDocsTestExecutionListener@727520dd, org.springframework.boot.test.autoconfigure.web.client.MockRestServiceServerResetTestExecutionListener@4507e858, org.springframework.boot.test.autoconfigure.web.servlet.MockMvcPrintOnlyOnFailureTestExecutionListener@3b43ad44, org.springframework.boot.test.autoconfigure.web.servlet.WebDriverTestExecutionListener@2200bf24, org.springframework.boot.test.autoconfigure.webservices.client.MockWebServiceServerTestExecutionListener@79280071, org.springframework.boot.test.mock.mockito.ResetMocksTestExecutionListener@3176224]
2020-12-16 08:46:03,405 INFO [Test worker] o.d.k.p.MySqlPageRepositoryTest [StartupInfoLogger.java:55] Starting MySqlPageRepositoryTest on lin01 with PID 18255 (started by student in /home/student/workspace/pages)
2020-12-16 08:46:03,406 INFO [Test worker] o.d.k.p.MySqlPageRepositoryTest [SpringApplication.java:651] No active profile set, falling back to default profiles: default
2020-12-16 08:46:04,276 INFO [Test worker] o.s.s.c.ThreadPoolTaskExecutor [ExecutorConfigurationSupport.java:181] Initializing ExecutorService 'applicationTaskExecutor'
2020-12-16 08:46:04,568 INFO [Test worker] o.s.b.a.e.w.EndpointLinksResolver [EndpointLinksResolver.java:58] Exposing 2 endpoint(s) beneath base path '/actuator'
2020-12-16 08:46:04,611 INFO [Test worker] o.d.k.p.MySqlPageRepositoryTest [StartupInfoLogger.java:61] Started MySqlPageRepositoryTest in 1.238 seconds (JVM running for 8.037)
2020-12-16 08:46:04,626 INFO [Test worker] c.z.h.HikariDataSource [HikariDataSource.java:110] HikariPool-2 - Starting...
2020-12-16 08:46:04,633 INFO [Test worker] c.z.h.HikariDataSource [HikariDataSource.java:123] HikariPool-2 - Start completed.
2020-12-16 08:46:04,937 INFO [Test worker] o.d.k.p.PageController [PageController.java:40] LIST-INFO:Fetching all pages
2020-12-16 08:46:04,956 INFO [Test worker] o.d.k.p.PageController [PageController.java:28] READ-INFO:Fetching page with id = 1
2020-12-16 08:46:04,959 INFO [Test worker] o.d.k.p.PageController [PageController.java:28] READ-INFO:Fetching page with id = 1
2020-12-16 08:46:04,960 ERROR [Test worker] o.d.k.p.PageController [PageController.java:34] READ-ERROR:Could not find page with id = 1
2020-12-16 08:46:04,963 INFO [Test worker] o.d.k.p.PageController [PageController.java:47] UPDATE-INFO:Updating the page with id = 1
2020-12-16 08:46:04,963 ERROR [Test worker] o.d.k.p.PageController [PageController.java:56] UPDATE-ERROR:Could not update the page with id = 1
2020-12-16 08:46:04,965 INFO [Test worker] o.d.k.p.PageController [PageController.java:19] CREATE-INFO:Creating a new page
2020-12-16 08:46:04,966 INFO [Test worker] o.d.k.p.PageController [PageController.java:22] CREATE-INFO:Created a new page with id = 1
2020-12-16 08:46:04,967 INFO [Test worker] o.d.k.p.PageController [PageController.java:62] DELETE-INFO:Deleting the page with id = 1
2020-12-16 08:46:04,968 INFO [Test worker] o.d.k.p.PageController [PageController.java:65] DELETE-INFO:Deleted the page with id = 1
2020-12-16 08:46:04,970 INFO [Test worker] o.d.k.p.PageController [PageController.java:47] UPDATE-INFO:Updating the page with id = 1
2020-12-16 08:46:04,970 INFO [Test worker] o.d.k.p.PageController [PageController.java:51] UPDATE-INFO:Updated the page with id = 1
2020-12-16 08:46:05,010 INFO [SpringContextShutdownHook] o.s.s.c.ThreadPoolTaskExecutor [ExecutorConfigurationSupport.java:218] Shutting down ExecutorService 'applicationTaskExecutor'
2020-12-16 08:46:05,012 INFO [SpringContextShutdownHook] c.z.h.HikariDataSource [HikariDataSource.java:350] HikariPool-2 - Shutdown initiated...
2020-12-16 08:46:05,045 INFO [SpringContextShutdownHook] c.z.h.HikariDataSource [HikariDataSource.java:352] HikariPool-2 - Shutdown completed.
2020-12-16 08:46:05,062 INFO [SpringContextShutdownHook] o.s.s.c.ThreadPoolTaskExecutor [ExecutorConfigurationSupport.java:218] Shutting down ExecutorService 'applicationTaskExecutor'
2020-12-16 08:46:05,063 INFO [SpringContextShutdownHook] c.z.h.HikariDataSource [HikariDataSource.java:350] HikariPool-1 - Shutdown initiated...
2020-12-16 08:46:05,070 INFO [SpringContextShutdownHook] c.z.h.HikariDataSource [HikariDataSource.java:352] HikariPool-1 - Shutdown completed.
